<?xml version="1.0" encoding="UTF-8"?>
<testng-results ignored="0" total="6" passed="6" failed="0" skipped="0">
  <reporter-output>
  </reporter-output>
  <suite started-at="2023-03-29T16:34:52 PKT" name="Default suite" finished-at="2023-03-29T16:39:23 PKT" duration-ms="270721">
    <groups>
    </groups>
    <test started-at="2023-03-29T16:34:52 PKT" name="Default test" finished-at="2023-03-29T16:39:23 PKT" duration-ms="270721">
      <class name="tests.Recruiter_Tests">
        <test-method is-config="true" signature="setup()[pri:0, instance:tests.Recruiter_Tests@1c7696c6]" started-at="2023-03-29T16:34:52 PKT" name="setup" finished-at="2023-03-29T16:35:01 PKT" duration-ms="8576" status="PASS">
          <reporter-output>
          </reporter-output>
        </test-method> <!-- setup -->
        <test-method signature="firsttestcase()[pri:1, instance:tests.Recruiter_Tests@1c7696c6]" started-at="2023-03-29T16:35:01 PKT" name="firsttestcase" finished-at="2023-03-29T16:36:10 PKT" duration-ms="69169" status="PASS">
          <reporter-output>
          </reporter-output>
        </test-method> <!-- firsttestcase -->
        <test-method signature="secondtestcase()[pri:2, instance:tests.Recruiter_Tests@1c7696c6]" started-at="2023-03-29T16:36:10 PKT" name="secondtestcase" finished-at="2023-03-29T16:36:38 PKT" duration-ms="27944" status="PASS">
          <reporter-output>
          </reporter-output>
        </test-method> <!-- secondtestcase -->
        <test-method signature="thirddtestcase()[pri:3, instance:tests.Recruiter_Tests@1c7696c6]" started-at="2023-03-29T16:36:38 PKT" name="thirddtestcase" finished-at="2023-03-29T16:37:04 PKT" duration-ms="25859" status="PASS">
          <reporter-output>
          </reporter-output>
        </test-method> <!-- thirddtestcase -->
        <test-method signature="fourthtestcase()[pri:4, instance:tests.Recruiter_Tests@1c7696c6]" started-at="2023-03-29T16:37:04 PKT" name="fourthtestcase" finished-at="2023-03-29T16:37:47 PKT" duration-ms="43353" status="PASS">
          <reporter-output>
          </reporter-output>
        </test-method> <!-- fourthtestcase -->
        <test-method signature="fifthtestcase()[pri:5, instance:tests.Recruiter_Tests@1c7696c6]" started-at="2023-03-29T16:37:47 PKT" name="fifthtestcase" finished-at="2023-03-29T16:38:27 PKT" duration-ms="39401" status="PASS">
          <reporter-output>
          </reporter-output>
        </test-method> <!-- fifthtestcase -->
        <test-method signature="sixthtestcase()[pri:6, instance:tests.Recruiter_Tests@1c7696c6]" started-at="2023-03-29T16:38:27 PKT" name="sixthtestcase" finished-at="2023-03-29T16:39:23 PKT" duration-ms="56127" status="PASS">
          <reporter-output>
          </reporter-output>
        </test-method> <!-- sixthtestcase -->
        <test-method is-config="true" signature="teardown()[pri:0, instance:tests.Recruiter_Tests@1c7696c6]" started-at="2023-03-29T16:39:28 PKT" name="teardown" finished-at="2023-03-29T16:39:28 PKT" duration-ms="3" status="PASS">
          <reporter-output>
          </reporter-output>
        </test-method> <!-- teardown -->
      </class> <!-- tests.Recruiter_Tests -->
    </test> <!-- Default test -->
  </suite> <!-- Default suite -->
</testng-results>
