<?xml version="1.0" encoding="UTF-8"?>
<!-- Generated by org.testng.reporters.JUnitXMLReporter -->
<testsuite ignored="0" hostname="Hamzas-MacBook-Air.local" failures="0" tests="5" name="Default test" time="281.759" errors="0" timestamp="2023-03-27T23:26:16 PKT">
  <testcase classname="tests.Tests" name="firsttestcase" time="69.474"/>
  <testcase classname="tests.Tests" name="secondtestcase" time="76.218"/>
  <testcase classname="tests.Tests" name="thirddtestcase" time="26.415"/>
  <testcase classname="tests.Tests" name="fourthtestcase" time="40.038"/>
  <testcase classname="tests.Tests" name="fifthtestcase" time="58.874"/>
</testsuite> <!-- Default test -->
