<?xml version="1.0" encoding="UTF-8"?>
<!-- Generated by org.testng.reporters.JUnitXMLReporter -->
<testsuite ignored="0" hostname="Hamzas-MacBook-Air.local" failures="0" tests="6" name="Default test" time="270.721" errors="0" timestamp="2023-03-29T16:39:28 PKT">
  <testcase classname="tests.Recruiter_Tests" name="firsttestcase" time="69.169"/>
  <testcase classname="tests.Recruiter_Tests" name="secondtestcase" time="27.944"/>
  <testcase classname="tests.Recruiter_Tests" name="thirddtestcase" time="25.859"/>
  <testcase classname="tests.Recruiter_Tests" name="fourthtestcase" time="43.353"/>
  <testcase classname="tests.Recruiter_Tests" name="fifthtestcase" time="39.401"/>
  <testcase classname="tests.Recruiter_Tests" name="sixthtestcase" time="56.127"/>
</testsuite> <!-- Default test -->
